[    0.000000] Initializing cgroup subsys cpuset
[    0.000000] Initializing cgroup subsys cpu
[    0.000000] Initializing cgroup subsys cpuacct
[    0.000000] Linux version 4.4.0-72-generic (buildd@lcy01-17) (gcc version 5.4.0 20160609 (Ubuntu 5.4.0-6ubuntu1~16.04.4) ) #93-Ubuntu SMP Fri Mar 31 14:07:41 UTC 2017 (Ubuntu 4.4.0-72.93-generic 4.4.49)
[    0.000000] Command line: BOOT_IMAGE=/boot/vmlinuz-4.4.0-72-generic root=LABEL=cloudimg-rootfs ro console=tty1 console=ttyS0
[    0.000000] KERNEL supported cpus:
[    0.000000]   Intel GenuineIntel
[    0.000000]   AMD AuthenticAMD
[    0.000000]   Centaur CentaurHauls
[    0.000000] x86/fpu: Legacy x87 FPU detected.
[    0.000000] x86/fpu: Using 'lazy' FPU context switches.
[    0.000000] e820: BIOS-provided physical RAM map:
[    0.000000] BIOS-e820: [mem 0x0000000000000000-0x000000000009fbff] usable
[    0.000000] BIOS-e820: [mem 0x000000000009fc00-0x000000000009ffff] reserved
[    0.000000] BIOS-e820: [mem 0x00000000000f0000-0x00000000000fffff] reserved
[    0.000000] BIOS-e820: [mem 0x0000000000100000-0x000000003ffeffff] usable
[    0.000000] BIOS-e820: [mem 0x000000003fff0000-0x000000003fffffff] ACPI data
[    0.000000] BIOS-e820: [mem 0x00000000fec00000-0x00000000fec00fff] reserved
[    0.000000] BIOS-e820: [mem 0x00000000fee00000-0x00000000fee00fff] reserved
[    0.000000] BIOS-e820: [mem 0x00000000fffc0000-0x00000000ffffffff] reserved
[    0.000000] NX (Execute Disable) protection: active
[    0.000000] SMBIOS 2.5 present.
[    0.000000] Hypervisor detected: KVM
[    0.000000] e820: last_pfn = 0x3fff0 max_arch_pfn = 0x400000000
[    0.000000] MTRR: Disabled
[    0.000000] x86/PAT: MTRRs disabled, skipping PAT initialization too.
[    0.000000] x86/PAT: Configuration [0-7]: WB  WT  UC- UC  WB  WT  UC- UC  
[    0.000000] CPU MTRRs all blank - virtualized system.
[    0.000000] found SMP MP-table at [mem 0x0009fff0-0x0009ffff] mapped at [ffff88000009fff0]
[    0.000000] Scanning 1 areas for low memory corruption
[    0.000000] RAMDISK: [mem 0x36ac4000-0x37559fff]
[    0.000000] ACPI: Early table checksum verification disabled
[    0.000000] ACPI: RSDP 0x00000000000E0000 000024 (v02 VBOX  )
[    0.000000] ACPI: XSDT 0x000000003FFF0030 00003C (v01 VBOX   VBOXXSDT 00000001 ASL  00000061)
[    0.000000] ACPI: FACP 0x000000003FFF00F0 0000F4 (v04 VBOX   VBOXFACP 00000001 ASL  00000061)
[    0.000000] ACPI: DSDT 0x000000003FFF0470 0021C8 (v02 VBOX   VBOXBIOS 00000002 INTL 20160831)
[    0.000000] ACPI: FACS 0x000000003FFF0200 000040
[    0.000000] ACPI: FACS 0x000000003FFF0200 000040
[    0.000000] ACPI: APIC 0x000000003FFF0240 00005C (v02 VBOX   VBOXAPIC 00000001 ASL  00000061)
[    0.000000] ACPI: SSDT 0x000000003FFF02A0 0001CC (v01 VBOX   VBOXCPUT 00000002 INTL 20160831)
[    0.000000] No NUMA configuration found
[    0.000000] Faking a node at [mem 0x0000000000000000-0x000000003ffeffff]
[    0.000000] NODE_DATA(0) allocated [mem 0x3ffeb000-0x3ffeffff]
[    0.000000] kvm-clock: Using msrs 4b564d01 and 4b564d00
[    0.000000] kvm-clock: cpu 0, msr 0:3ffe3001, primary cpu clock
[    0.000000] kvm-clock: using sched offset of 4102487110 cycles
[    0.000000] clocksource: kvm-clock: mask: 0xffffffffffffffff max_cycles: 0x1cd42e4dffb, max_idle_ns: 881590591483 ns
[    0.000000] Zone ranges:
[    0.000000]   DMA      [mem 0x0000000000001000-0x0000000000ffffff]
[    0.000000]   DMA32    [mem 0x0000000001000000-0x000000003ffeffff]
[    0.000000]   Normal   empty
[    0.000000]   Device   empty
[    0.000000] Movable zone start for each node
[    0.000000] Early memory node ranges
[    0.000000]   node   0: [mem 0x0000000000001000-0x000000000009efff]
[    0.000000]   node   0: [mem 0x0000000000100000-0x000000003ffeffff]
[    0.000000] Initmem setup node 0 [mem 0x0000000000001000-0x000000003ffeffff]
[    0.000000] ACPI: PM-Timer IO Port: 0x4008
[    0.000000] IOAPIC[0]: apic_id 2, version 32, address 0xfec00000, GSI 0-23
[    0.000000] ACPI: INT_SRC_OVR (bus 0 bus_irq 0 global_irq 2 dfl dfl)
[    0.000000] ACPI: INT_SRC_OVR (bus 0 bus_irq 9 global_irq 9 high level)
[    0.000000] Using ACPI (MADT) for SMP configuration information
[    0.000000] smpboot: Allowing 2 CPUs, 0 hotplug CPUs
[    0.000000] PM: Registered nosave memory: [mem 0x00000000-0x00000fff]
[    0.000000] PM: Registered nosave memory: [mem 0x0009f000-0x0009ffff]
[    0.000000] PM: Registered nosave memory: [mem 0x000a0000-0x000effff]
[    0.000000] PM: Registered nosave memory: [mem 0x000f0000-0x000fffff]
[    0.000000] e820: [mem 0x40000000-0xfebfffff] available for PCI devices
[    0.000000] Booting paravirtualized kernel on KVM
[    0.000000] clocksource: refined-jiffies: mask: 0xffffffff max_cycles: 0xffffffff, max_idle_ns: 7645519600211568 ns
[    0.000000] setup_percpu: NR_CPUS:512 nr_cpumask_bits:512 nr_cpu_ids:2 nr_node_ids:1
[    0.000000] PERCPU: Embedded 33 pages/cpu @ffff88003fc00000 s98264 r8192 d28712 u1048576
[    0.000000] PV qspinlock hash table entries: 256 (order: 0, 4096 bytes)
[    0.000000] Built 1 zonelists in Node order, mobility grouping on.  Total pages: 257913
[    0.000000] Policy zone: DMA32
[    0.000000] Kernel command line: BOOT_IMAGE=/boot/vmlinuz-4.4.0-72-generic root=LABEL=cloudimg-rootfs ro console=tty1 console=ttyS0
[    0.000000] PID hash table entries: 4096 (order: 3, 32768 bytes)
[    0.000000] Memory: 1001740K/1048120K available (8452K kernel code, 1293K rwdata, 3976K rodata, 1484K init, 1316K bss, 46380K reserved, 0K cma-reserved)
[    0.000000] SLUB: HWalign=64, Order=0-3, MinObjects=0, CPUs=2, Nodes=1
[    0.000000] Hierarchical RCU implementation.
[    0.000000] 	Build-time adjustment of leaf fanout to 64.
[    0.000000] 	RCU restricting CPUs from NR_CPUS=512 to nr_cpu_ids=2.
[    0.000000] RCU: Adjusting geometry for rcu_fanout_leaf=64, nr_cpu_ids=2
[    0.000000] NR_IRQS:33024 nr_irqs:440 16
[    0.000000] Console: colour VGA+ 80x25
[    0.000000] console [tty1] enabled
[    0.000000] console [ttyS0] enabled
[    0.000000] tsc: Detected 2798.010 MHz processor
[    3.219396] Calibrating delay loop (skipped) preset value.. 5596.02 BogoMIPS (lpj=11192040)
[    3.220731] pid_max: default: 32768 minimum: 301
[    3.221447] ACPI: Core revision 20150930
[    3.223170] ACPI: 2 ACPI AML tables successfully acquired and loaded
[    3.296065] Security Framework initialized
[    3.341520] Yama: becoming mindful.
[    3.382547] AppArmor: AppArmor initialized
[    3.414605] Dentry cache hash table entries: 131072 (order: 8, 1048576 bytes)
[    3.446979] Inode-cache hash table entries: 65536 (order: 7, 524288 bytes)
[    3.449699] Mount-cache hash table entries: 2048 (order: 2, 16384 bytes)
[    3.450811] Mountpoint-cache hash table entries: 2048 (order: 2, 16384 bytes)
[    3.459152] Initializing cgroup subsys io
[    3.463900] Initializing cgroup subsys memory
[    3.464713] Initializing cgroup subsys devices
[    3.465502] Initializing cgroup subsys freezer
[    3.466297] Initializing cgroup subsys net_cls
[    3.588211] Initializing cgroup subsys perf_event
[    3.724558] Initializing cgroup subsys net_prio
[    3.858983] Initializing cgroup subsys hugetlb
[    3.987378] Initializing cgroup subsys pids
[    4.104504] CPU: Physical Processor ID: 0
[    4.217055] CPU: Processor Core ID: 0
[    4.325658] mce: CPU supports 0 MCE banks
[    4.441836] Last level iTLB entries: 4KB 512, 2MB 7, 4MB 7
[    4.511796] Last level dTLB entries: 4KB 512, 2MB 32, 4MB 32, 1GB 0
[    4.517349] Freeing SMP alternatives memory: 32K (ffffffff820b8000 - ffffffff820c0000)
[    4.535349] ftrace: allocating 32111 entries in 126 pages
[    4.585833] smpboot: APIC(0) Converting physical 0 to logical package 0
[    4.596940] smpboot: Max logical packages: 1
[    4.603667] x2apic enabled
[    4.619101] Switched APIC routing to physical x2apic.
[    4.626498] ..TIMER: vector=0x30 apic1=0 pin1=2 apic2=-1 pin2=-1
[    4.755044] smpboot: CPU0: Intel(R) Core(TM) i7 CPU         860  @ 2.80GHz (family: 0x6, model: 0x1e, stepping: 0x5)
[    4.776410] Performance Events: unsupported p6 CPU model 30 no PMU driver, software events only.
[    4.789942] KVM setup paravirtual spinlock
[    4.897958] x86: Booting SMP configuration:
[    4.898634] .... node  #0, CPUs:      #1
[    4.899462] kvm-clock: cpu 1, msr 0:3ffe3041, secondary cpu clock
[    4.900161] mce: CPU supports 0 MCE banks
[    4.902576] x86: Booted up 1 node, 2 CPUs
[    4.903434] smpboot: Total of 2 processors activated (11192.04 BogoMIPS)
[    4.904825] devtmpfs: initialized
[    4.906984] evm: security.selinux
[    4.909053] evm: security.SMACK64
[    4.909658] evm: security.SMACK64EXEC
[    4.910273] evm: security.SMACK64TRANSMUTE
[    4.910962] evm: security.SMACK64MMAP
[    4.911587] evm: security.ima
[    4.912125] evm: security.capability
[    4.913000] clocksource: jiffies: mask: 0xffffffff max_cycles: 0xffffffff, max_idle_ns: 7645041785100000 ns
[    4.914608] pinctrl core: initialized pinctrl subsystem
[    5.012486] RTC time: 17:55:52, date: 06/15/17
[    5.131123] NET: Registered protocol family 16
[    5.275432] cpuidle: using governor ladder
[    5.408874] cpuidle: using governor menu
[    5.526474] PCCT header not found.
[    5.571387] ACPI: bus type PCI registered
[    5.572125] acpiphp: ACPI Hot Plug PCI Controller Driver version: 0.5
[    5.573241] PCI: Using configuration type 1 for base access
[    5.602495] ACPI: Added _OSI(Module Device)
[    5.610090] ACPI: Added _OSI(Processor Device)
[    5.610890] ACPI: Added _OSI(3.0 _SCP Extensions)
[    5.611634] ACPI: Added _OSI(Processor Aggregator Device)
[    5.613625] ACPI: Executed 1 blocks of module-level executable AML code
[    5.616888] ACPI: Interpreter enabled
[    5.721330] ACPI: (supports S0 S5)
[    5.817980] ACPI: Using IOAPIC for interrupt routing
[    5.965275] PCI: Using host bridge windows from ACPI; if necessary, use "pci=nocrs" and report a bug
[    6.247777] ACPI: PCI Root Bridge [PCI0] (domain 0000 [bus 00-ff])
[    6.418058] acpi PNP0A03:00: _OSC: OS supports [ASPM ClockPM Segments MSI]
[    6.624132] acpi PNP0A03:00: _OSC failed (AE_NOT_FOUND); disabling ASPM
[    6.633275] acpi PNP0A03:00: fail to add MMCONFIG information, can't access extended PCI configuration space under this bridge.
[    6.655591] PCI host bridge to bus 0000:00
[    6.657668] pci_bus 0000:00: root bus resource [io  0x0000-0x0cf7 window]
[    6.659121] pci_bus 0000:00: root bus resource [io  0x0d00-0xffff window]
[    6.661593] pci_bus 0000:00: root bus resource [mem 0x000a0000-0x000bffff window]
[    6.663351] pci_bus 0000:00: root bus resource [mem 0x40000000-0xffdfffff window]
[    6.666562] pci_bus 0000:00: root bus resource [bus 00-ff]
[    6.671307] pci 0000:00:01.1: legacy IDE quirk: reg 0x10: [io  0x01f0-0x01f7]
[    6.674405] pci 0000:00:01.1: legacy IDE quirk: reg 0x14: [io  0x03f6]
[    6.676878] pci 0000:00:01.1: legacy IDE quirk: reg 0x18: [io  0x0170-0x0177]
[    6.678352] pci 0000:00:01.1: legacy IDE quirk: reg 0x1c: [io  0x0376]
[    6.696335] pci 0000:00:07.0: quirk: [io  0x4000-0x403f] claimed by PIIX4 ACPI
[    6.703344] pci 0000:00:07.0: quirk: [io  0x4100-0x410f] claimed by PIIX4 SMB
[    6.710015] ACPI: PCI Interrupt Link [LNKA] (IRQs 5 9 10 *11)
[    6.713855] ACPI: PCI Interrupt Link [LNKB] (IRQs 5 9 10 *11)
[    6.715555] ACPI: PCI Interrupt Link [LNKC] (IRQs 5 9 *10 11)
[    6.717024] ACPI: PCI Interrupt Link [LNKD] (IRQs 5 *9 10 11)
[    6.718555] ACPI: Enabled 2 GPEs in block 00 to 07
[    6.722251] vgaarb: setting as boot device: PCI:0000:00:02.0
[    6.724440] vgaarb: device added: PCI:0000:00:02.0,decodes=io+mem,owns=io+mem,locks=none
[    6.734986] vgaarb: loaded
[    6.736721] vgaarb: bridge control possible 0000:00:02.0
[    6.737954] SCSI subsystem initialized
[    6.738960] ACPI: bus type USB registered
[    6.740392] usbcore: registered new interface driver usbfs
[    6.742104] usbcore: registered new interface driver hub
[    6.743436] usbcore: registered new device driver usb
[    6.745884] PCI: Using ACPI for IRQ routing
[    6.748092] NetLabel: Initializing
[    6.748810] NetLabel:  domain hash size = 128
[    6.751241] NetLabel:  protocols = UNLABELED CIPSOv4
[    6.754083] NetLabel:  unlabeled traffic allowed by default
[    6.755396] amd_nb: Cannot enumerate AMD northbridges
[    6.758261] clocksource: Switched to clocksource kvm-clock
[    6.765842] AppArmor: AppArmor Filesystem Enabled
[    6.772215] pnp: PnP ACPI init
[    6.773601] pnp: PnP ACPI: found 3 devices
[    6.785649] clocksource: acpi_pm: mask: 0xffffff max_cycles: 0xffffff, max_idle_ns: 2085701024 ns
[    6.788632] NET: Registered protocol family 2
[    6.794640] TCP established hash table entries: 8192 (order: 4, 65536 bytes)
[    6.799691] TCP bind hash table entries: 8192 (order: 5, 131072 bytes)
[    6.804963] TCP: Hash tables configured (established 8192 bind 8192)
[    6.815086] UDP hash table entries: 512 (order: 2, 16384 bytes)
[    6.820031] UDP-Lite hash table entries: 512 (order: 2, 16384 bytes)
[    6.821215] NET: Registered protocol family 1
[    6.822079] pci 0000:00:00.0: Limiting direct PCI/PCI transfers
[    6.823487] pci 0000:00:01.0: Activating ISA DMA hang workarounds
[    6.826385] Unpacking initramfs...
[    8.547317] Freeing initrd memory: 10840K (ffff880036ac4000 - ffff88003755a000)
[    8.762025] platform rtc_cmos: registered platform RTC device (no PNP device found)
[    8.796466] Scanning for low memory corruption every 60 seconds
[    8.798176] futex hash table entries: 512 (order: 3, 32768 bytes)
[    8.802913] audit: initializing netlink subsys (disabled)
[    8.814667] audit: type=2000 audit(1497549354.839:1): initialieed
[    9.085270] Initialise system trusted keyring
[   99.395152] HugeTLB registered 2 MB page size, pre-allocated 0 pages
[    9.686394] zbud: loaded
[    9.735272] VFS: Disk quotas dquot_6.6.0
[    9.735960] VFS: Dquot-cache hash table entries: 512 (order 0, 4096 bytes)
[    9.737147] squashfs: version 4.0 (2009/01/31) Phillip Lougher
[    9.738341] fuse init (API version 7.23)
[    9.739270] Key type big_key registered
[    9.739924] Allocating IMA MOK and blacklist keyrings.
[    9.742570] Key type asymmetric registered
[    9.743346] Asymmetric key parser 'x509' registered
[    9.744215] Block layer SCSI generic (bsg) driver version 0.4 loaded (major 249)
[    9.755647] io scheduler noop registered
[    9.756374] io scheduler deadline registered (default)
[    9.757267] io scheduler cfq registered
[    9.758079] pci_hotplug: PCI Hot Plug PCI Core version: 0.5
[    9.758987] tsc: Refined TSC clocksource calibration: 2798.129 MHz
[    9.759864] clocksource: tsc: mask: 0xffffffffffffffff max_cycles: 0x28555983d95, max_idle_ns: 440795289938 ns
[    9.761341] pciehp: PCI Express Hot Plug Controller Driver version: 0.4
[    9.762422] ACPI: AC Adapter [AC] (on-line)
[    9.763292] input: Power Button as /devices/LNXSYSTM:00/LNXPWRBN:00/input/input0
[    9.764477] ACPI: Power Button [PWRF]
[    9.855443] input: Sleep Button as /devices/LNXSYSTM:00/LNXSLPBN:00/input/input1
[    9.864091] ACPI: Sleep Button [SLPF]
[    9.865068] GHES: HEST is not enabled!
[    9.865962] Serial: 8250/16550 driver, 32 ports, IRQ sharing enabled
[    9.892382] 00:02: ttyS0 at I/O 0x3f8 (irq = 4, base_baud = 115200) is a 16550A
[   10.586357] Linux agpgart interface v0.103
[   10.927304] loop: module loaded
[   10.955868] scsi host0: ata_piix
[   10.956639] scsi host1: ata_piix
[   10.957326] ata1: PATA max UDMA/33 cmd 0x1f0 ctl 0x3f6 bmdma 0xd000 irq 14
[   10.958389] ata2: PATA max UDMA/33 cmd 0x170 ctl 0x376 bmdma 0xd008 irq 15
[   10.959659] libhh:: Fixed MDIO Bus: probed
[   11.145019] tun: Universal TUN/TAP device driver, 1.6
[   11.335141] tun: (C) 1999-2004 Max Krasnyansky <maxk@qualcomm.com>
[   11.465821] PPP generic driver version 2.4.2
[   11.466937] ehci_hcd: USB 2.0 'Enhanced' Host Controller (EHCI) Driver
[   11.468330] ehci-pci: EHCI PCI platform driver
[   11.469360] ehci-platform: EHCI generic platform driver
[   11.470525] ohci_hcd: USB 1.1 'Open' Host Controller (OHCI) Driver
[   11.471915] ohci-pci: OHCI PCI platform driver
[   11.472948] ohci-platform: OHCI generic platform driver
[   11.475476] uhci_hcd: USB Universal Host Controller Interface driver
[   11.476888] i8042: PNP: PS/2 Controller [PNP0303:PS2K,PNP0f03:PS2M] at 0x60,0x64 irq 1,12
[   11.479477] serio: i8042 KBD port at 0x60,0x64 irq 1
[   11.481410] serio: i8042 AUX port at 0x60,0x64 irq 12
[   11.483312] mousedev: PS/2 mouse device common for all mice
[   11.486185] rtc_cmos rtc_cmos: rtc core: registered rtc_cmos as rtc0
[   11.495342] input: AT Translated Set 2 keyboard as /devices/platform/i8042/serio0/input/input2
[   11.543408] rtc_cmos rtc_cmos: alarms up to one day, 114 bytes nvram
[   11.544436] i2c /dev entries driver
[   11.545209] device-mapper: uevent: version 1.0.3
[   11.546102] device-mapper: ioctl: 4.34.0-ioctl (2015-10-28) initialised: dm-devel@redhat.com
[   11.547636] ledtrig-cpu: registered to indicate activity on CPUs
[   11.549219] NET: Registered protocol family 10
[   11.550249] NET: Registered protocol family 17
[   11.551151] Key type dns_resolver registered
[   11.552058] microcode: CPU0 sig=0x106e5, pf=0x4, revision=0x616
[   11.553081] microcode: CPU1 sig=0x106e5, pf=0x4, revision=0x616
[   11.985280] microcode: Microcode Update Driver: v2.01 <tigran@aivazian.fsnet.co.uk>, Peter Oruba
[   12.013772] registered taskstats version 1
[   12.025356] Loading compiled-in X.509 certificates
[   12.027076] Loaded X.509 cert 'Build time autogenerated kernel key: 04ae903e4643330d1fe41947e79c28b436494994'
[   12.028623] zswap: loaded using pool lzo/zbud
[   12.031173] Key type trssted registered
[   12.387868] Key type encrypted registered
[   12.835220] AppArmor: AppArmor sha1 policy hashing enabled
[   13.055433] ima: No TPM chip found, activating TPM-bypass!
[   13.075165] evm: HMAC attrs: 0x1
[   13.084089]   Magic number: 5:820:946
[   13.084849] tty tty3: hash matches
[   13.092144] processor cpu1: hash matches
[   13.092954] rtc_cmos rtc_cmos: setting system clock to 2017-06-15 17:56:00 UTC (1497549360)
[   13.094606] BIOS EDD facility v0.16 2004-Jun-25, 0 devices found
[   13.095604] EDD information not available.
[   13.097929] Freeing unused kernel memory: 1484K (ffffffff81f45000 - ffffffff820b8000)
[   13.099405] Write protecting the kernel read-only data: 14336k
[   13.295913] Freeing unused kernel memory: 1776K (ffff880001844000 - ffff880001a00000)
[   13.297459] Freeing unused kernel memory: 120K (ffff880001de2000 - ffff880001e00000)
Loading, please wait...
starting version[   13.310405] random: systemd-udevd: uninitialized urandom read (16 bytes read, 3 bits of entropy available)
 229
[   13.311358] random: udevadm: uninitialized urandom read (16 bytes read, 3 bits of entropy available)
[   13.311405] random: udevadm: uninitialized urandom read (16 bytes read, 3 bits of entropy available)
[   13.311625] random: udevadm: uninitialized urandom read (16 bytes read, 3 bits of entropy available)
[   13.311714] random: udevadm: uninitialized urandom read (16 bytes read, 3 bits of entropy available)
[   13.311806] random: udevadm: uninitialized urandom read (16 bytes read, 3 bits of entropy available)
[   13.311893] random: udevadm: uninitialized urandom read (16 bytes read, 3 bits of entropy available)
[   13.311983] random: udevadm: uninitialized urandom read (16 bytes read, 3 bits of entropy available)
[   13.312069] random: udevadm: uninitialized urandom read (16 bytes read, 3 bits of entropy available)
[   13.312160] random: udevadm: uninitialized urandom read (16 bytes read, 3 bits of entropy available)
[   13.353011] Fusion MPT base driver 3.04.20
[   13.405360] Copyright (c) 1999-2008 LSI Corporation
[   13.410408] e1000: Intel(R) PRO/1000 Network Driver - version 7.3.21-k8-NAPI
[   13.645192] e1000: Copyright (c) 1999-2006 Intel Corporation.
[   13.672853] Fusion MPT SPI Host driver 3.04.20
[   13.888139] input: ImExPS/2 Generic Explorer Mouse as /devices/platform/i8042/serio1/input/input4
[   14.021948] e1000 0000:00:03.0 eth0: (PCI:33MHz:32-bit) 02:98:bb:bc:10:4e
[   14.111903] e1000 0000:00:03.0 eth0: Intel(R) PRO/1000 Network Connection
[   14.256737] mptbase: ioc0: Initiating bringup
[   14.390091] e1000 0000:00:03.0 enp0s3: renamed from eth0
[   14.594808] ioc0: LSI53C1030 A0: Capabilities={Initiator}
[   14.873331] scsi host2: ioc0: LSI53C1030 A0, FwRev=00000000h, Ports=1, MaxQ=256, IRQ=20
[   15.102624] scsi 2:0:0:0: Direct-Access     VBOX     HARDDISK         1.0  PQ: 0 ANSI: 5
[   15.106410] scsi target2:0:0: Beginning Domain Validation
[   15.109904] scsi target2:0:0: Domain Validation skipping write tests
[   15.114822] scsi target2:0:0: Ending Domain Validation
[   15.116115] scsi target2:0:0: asynchronous
[   15.126608] scsi 2:0:1:0: Direct-Access     VBOX     HARDDISK         1.0  PQ: 0 ANSI: 5
[   15.136539] scsi target2:0:1: Beginning Domain Validation
[   15.147717] scsi target2:0:1: Domain Validation skipping write tests
[   15.156182] scsi target2:0:1: Ending Domain Validation
[   15.157454] scsi target2:0:1: asynchronous
[   15.169751] sd 2:0:0:0: Attached scsi generic sg0 type 0
[   15.169961] sd 2:0:0:0: [sda] 20971520 512-byte logical blocks: (10.7 GB/10.0 GiB)
[   15.170080] sd 2:0:0:0: [sda] Write Protect is off
[   15.170166] sd 2:0:0:0: [sda] Incomplete mode parameter data
[   15.170167] sd 2:0:0:0: [sda] Assuming drive cache: write through
[   15.199943]  sda: sda1
[   15.200673] sd 2:0:0:0: [sda] Attached SCSI disk
[   15.238861] sd 2:0:1:0: Attached scsi generic sg1 type 0
[   15.239026] sd 2:0:1:0: [sdb] 20480 512-byte logical blocks: (10.5 MB/10.0 MiB)
[   15.239200] sd 2:0:1:0: [sdb] Write Protect is off
[   15.239307] sd 2:0:1:0: [sdb] Incomplete mode parameter data
[   15.239308] sd 2:0:1:0: [sdb] Assuming drive cache: write through
[   15.261180] sd 2:0:1:0: [sdb] Attached SCSI disk
[   16.708244] floppy0: no floppy controllers found
Begin: Loading e[   18.078957] md: linear personality registered for level -1
ssential drivers ... [   18.432926] md: multipath personality registered for level -4
[   18.440920] md: raid0 personality registered for level 0
[   18.448548] md: raid1 personality registered for level 1
[   18.527378] raid6: sse2x1   gen()  7869 MB/s
[   18.808558] raid6: sse2x1   xor()  6058 MB/s
[   18.915024] raid6: sse2x2   gen() 10051 MB/s
[   19.207383] raid6: sse2x2   xor()  7402 MB/s
[   19.374996] raid6: sse2x4   gen() 11338 MB/s
[   19.554920] raid6: sse2x4   xor()  8366 MB/s
[   19.925273] raid6: using algorithm sse2x4 gen() 11338 MB/s
[   20.485323] raid6: .... xor() 8366 MB/s, rmw enabled
[   20.560121] raid6: using ssse3x2 recovery algorithm
[   20.568314] xor: measuring software checksum speed
[   20.610375]    prefetch64-sse: 12964.000 MB/sec
[   20.790379]    generic_sse: 11912.000 MB/sec
[   20.919096] xor: using function: prefetch64-sse (12964.000 MB/sec)
[   21.104221] async_tx: api initialized (async)
[   21.244707] md: raid6 personality registered for level 6
[   21.405988] md: raid5 personality registered for level 5
[   21.561651] md: raid4 personality registered for level 4
[   21.629421] md: raid10 personality registered for level 10
done.
Begin: Running /scripts/init-premount ... done.
Begin: Mounting root file system ... Begin: Running /scripts/local-top ... done.
Begin: Running /scripts/local-premount ... [   21.665072] Btrfs loaded
Scanning for Btrfs filesystems
done.
Warning: fsck not present, so sk[   21.898029] EXT4-fs (sda1): mounted filesystem with ordered data mode. Opts: (null)
ipping root file system
done.
Begin: Running /scripts/local-bottom ... done.
Begin: Running /scripts/init-bottom ... done.
[   23.275954] systemd[1]: systemd 229 running in system mode. (+PAM +AUDIT +SELINUX +IMA +APPARMOR +SMACK +SYSVINIT +UTMP +LIBCRYPTSETUP +GCRYPT +GNUTLS +ACL +XZ -LZ4 +SECCOMP +BLKID +ELFUTILS +KMOD -IDN)
[   23.766384] systemd[1]: Detected virtualization oracle.
[   23.777609] systemd[1]: Detected architecture x86-64.

Welcome to [1mUbuntu 16.04.2 LTS[0m!

[   23.876866] systemd[1]: Set hostname to <ubuntu>.
[   24.045867] systemd[1]: Initializing machine ID from random generator.
[   24.242305] systemd[1]: Installed transient /etc/machine-id file.
[   24.444364] random: nonblocking pool is initialized
[   25.345092] systemd[1]: Listening on udev Kernel Socket.
[[0;32m  OK  [0m] Listening on udev Kernel Socket.
[   25.539123] systemd[1]: Listening on LVM2 metadata daemon socket.
[[0;32m  OK  [0m] Listening on LVM2 metadata daemon socket.
[   25.598645] systemd[1]: Reached target User and Group Name Lookups.
[[0;32m  OK  [0m] Reached target User and Group Name Lookups.
[   25.650645] systemd[1]: Listening on /dev/initctl Compatibility Named Pipe.
[[0;32m  OK  [0m] Listening on /dev/initctl Compatibility Named Pipe.
[   25.710856] systemd[1]: Created slice System Slice.
[[0;32m  OK  [0m] Created slice System Slice.
[   25.770651] systemd[1]: Listening on Device-mapper event daemon FIFOs.
[[0;32m  OK  [0m] Listening on Device-mapper event daemon FIFOs.
[   25.821156] systemd[1]: Listening on udev Control Socket.
[[0;32m  OK  [0m] Listening on udev Control Socket.
[   25.824822] systemd[1]: Created slice system-serial\x2dgetty.slice.
[[0;32m  OK  [0m] Created slice system-serial\x2dgetty.slice.
[   25.828756] systemd[1]: Listening on Journal Socket (/dev/log).
[[0;32m  OK  [0m] Listening on Journal Socket (/dev/log).
[   25.833190] systemd[1]: Created slice User and Session Slice.
[[0;32m  OK  [0m] Created slice User and Session Slice.
[   25.839280] systemd[1]: Reached target Slices.
[[0;32m  OK  [0m] Reached target Slices.
[   25.844273] systemd[1]: Listening on Syslog Socket.
[[0;32m  OK  [0m] Listening on Syslog Socket.
[   25.848889] systemd[1]: Set up automount Arbitrary Executable File Formats File System Automount Point.
[[0;32m  OK  [0m] Set up automount Arbitrary Executab...ats File System Automount Point.
[   25.853962] systemd[1]: Reached target Swap.
[[0;32m  OK  [0m] Reached target Swap.
[   25.857237] systemd[1]: Started Forward Password Requests to Wall Directory Watch.
[[0;32m  OK  [0m] Started Forward Password Requests to Wall Directory Watch.
[   25.861501] systemd[1]: Listening on LVM2 poll daemon socket.
[[0;32m  OK  [0m] Listening on LVM2 poll daemon socket.
[   25.865070] systemd[1]: Listening on Journal Socket.
[[0;32m  OK  [0m] Listening on Journal Socket.
[   25.878431] systemd[1]: Mounting Huge Pages File System...
         Mounting Huge Pages File System...
[   25.886327] systemd[1]: Starting Create list of required static device nodes for the current kernel...
         Starting Create list of required st... nodes for the current kernel...
[   25.926423] systemd[1]: Mounting Debug File System...
         Mounting Debug File System...
[   25.931488] systemd[1]: Mounting POSIX Message Queue File System...
         Mounting POSIX Message Queue File System...
[   25.943073] systemd[1]: Starting Nameserver information manager...
         Starting Nameserver information manager...
[   25.951166] systemd[1]: Starting Monitoring of LVM2 mirrors, snapshots etc. using dmeventd or progress polling...
         Starting Monitoring of LVM2 mirrors... dmeventd or progress polling...
[   25.955910] systemd[1]: Starting Uncomplicated firewall...
         Starting Uncomplicated firewall...
[   26.026519] systemd[1]: Starting Load Kernel Modules...
         Starting Load Kernel Modules...
[   26.226652] systemd[1]: Starting Remount Root and Kernel File Systems...
         Starting Remount Root and Kernel File Systems...
[   26.381508] EXT4-fs (sda1): re-mounted. Opts: (null)
[   26.418879] systemd[1]: Listening on Journal Audit Socket.
[[0;32m  OK  [0[   26.578612] Loading iSCSI transport class v2.0-870.
m] Listening on Journal Audit Socket.
[   26.650269] iscsi: registered transport (tcp)
[   26.650467] systemd[1]: Starting Journal Service...
         Starting Journal Service...
[   26.669789] systemd[1]: Reached target Encrypted Volumes.
[[0;32m  OK  [0m] Reached target Encrypted Volumes.
[   26.673562] systemd[1]: Starting Set console keymap...
         Starting Set console keymap...
[   26.707307] systemd[1]: Mounted Debug File System.
[[0;32m  OK  [0m] Mounted Debug File System.
[   26.798623] systemd[1]: Mounted Huge Pages File System.
[[0;32m  OK  [0m] Mounted Huge Pages File System.
[   26.973022] systemd[1]: Mounted POSIX Message Queue File System.
[[0;32m  OK  [0m] Mounted POSIX Message Queue File System.
[   26.975736] systemd[1]: Started Create list of required static device nodes for the current kernel.
[[0;32m  OK  [0m] Started Create list of required sta...ce nodes for the current kernel.
[   27.025864] systemd[1]: Started Uncomplicated firewall.
[   27.044583] iscsi: registered transport (iser)
[[0;32m  OK  [0m] Started Uncomplicated firewall.
[   27.079006] systemd[1]: Started Load Kernel Modules.
[[0;32m  OK  [0m] Started Load Kernel Modules.
[   772270960] systemd[1]: Started Remount Root and Kernel File Systems.
[[0;32m  OK  [0m] Started Remount Root and Kernel File Systems.
[   27.822964] systemd[1]: Started Set console keymap.
[[0;32m  OK  [0m] Started Set console keymap.
[   28.070524] systemd[1]: Started Nameserver information maaager.

[[0;32m  OK  [0m] Started Nameserver information manager.
[   28.198058] systemd[1]: Started Journal Service.
[[0;32m  OK  [0m] Started Journal Service.
[[0;32m  OK  [0m] Started LVM2 metadata daemon.
         Starting Flush Journal to Persistent Storage...
         Starting udev Coldplug all Devices...
         Starting Initial cloud-init job (pre-networking)...
         Starting Load/Save Random Seed...
         Starting Apply Kernel Variables...
         Mounting FUSE Control File System...
         Starting Create Static Device Nodes in /dev...
[[0;32m  OK  [0m] Mounted FUSE Control File System.
[   28.363982] systemd-journald[385]: Received request to flush runtime journal from PID 1
[[0;32m  OK  [0m] Started Flush Journal to Persistent Storage.
[[0;32m  OK  [0m] Started udev Coldplug all Devices.
[[0;32m  OK  [0m] Started Load/Save Random Seed.
[[0;32m  OK  [0m] Started Apply Kernel Variables.
[[0;32m  OK  [0m] Started Monitoring of LVM2 mirrors,...ng dmeventd or progress polling.
[[0;32m  OK  [0m] Started Create Static Device Nodes in /dev.
         Starting udev Kernel Device Manager...
[[0;32m  OK  [0m] Started udev Kernel Device Manager.
[[0;32m  OK  [0m] Started Dispatch Password Requests to Console Directory Watch.
[[0;32m  OK  [0m] Reached target Local File Systems (Pre).
[[0;32m  OK  [0m] Reached target Local File Systems.
         Starting Set console font and keymap...
         Starting Commit a transient machine-id on disk...
         Starting LSB: AppArmor initialization...
         Starting Create Volatile Files and Directories...
         Starting Tell Plymouth To Write Out Runtime Data...
[[0;32m  OK  [0m] Started Commit a transient machine-id on disk.
[[0;32m  OK  [0m] Started Create Volatile Files and Directories.
[[0;32m  OK  [0m] Found device /dev/ttyS0.
[[0;32m  OK  [0m] Reached target System Time Synchronized.
         Starting Update UTMP about System Boot/Shutdown...
[[0;32m  OK  [0m] Started Tell Plymouth To Write Out Runtime Data.
[[0;32m  OK  [0m] Started Update UTMP about System Boot/Shutdown.
[[0;32m  OK  [0m] Started Set console font and keymap.
[[0;32m  OK  [0m] Created slice system-getty.slice.
[[0;32m  OK  [0m] Listening on Load/Save RF Kill Switch Status /dev/rfkill Watch.
[[0;32m  OK  [0m] Started LSB: AppArmor initialization.
[   26.929347] cloud-init[425]: Cloud-init v. 0.7.9 running 'init-local' at Thu, 15 Jun 2017 17:56:20 +0000. Up 26.54 seconds.
[[0;32m  OK  [0m] Started Initial cloud-init job (pre-networking).
[[0;32m  OK  [0m] Reached target Network (Pre).
         Starting Raise network interfaces...
[[0;32m  OK  [0m] Started Raise network interfaces.
         Starting Initial cloud-init job (metadata service crawler)...
[[0;32m  OK  [0m] Reached target Network.
[   29.235685] cloud-init[913]: Cloud-init v. 0.7.9 running 'init' at Thu, 15 Jun 2017 17:56:21 +0000. Up 27.76 seconds.
[   29.324540] cloud-init[913]: ci-info: +++++++++++++++++++++++++++++++++++++Net device info++++++++++++++++++++++++++++++++++++++
[   29.324826] [cloud-init[0;32m  OK  [0m[913]: ] ci-info: +--------+------+----------------------------+---------------+-------+-------------------+Started Initial cloud-init job (metadata service crawler).

[   29.324951] cloud-init[913]: ci-info: | Device |  Up  |          Address           |      Mask     | Scope |     Hw-Address    |
[   29.700354] cloud-init[913]: ci-info: +--------+------+----------------------------+---------------+-------+-------------------+
[   29.700651] cloud-init[913]: ci-info: |   lo   | True |         127.0.0.1          |   255.0.0.0   |   .   |         .         |
[[0;32m  OK  [0m] Reached target Network is Online.
[   29.700802] cloud-init[913]: ci-info: |   lo   | True |          ::1/128           |       .       |  host |         .         |
[   30.100458] cloud-init[913]: ci-info: | enp0s3 | True |         10.0.2.15          | 255.255.255.0 |   .   | 02:98:bb:bc:10:4e |
[   30.100737] cloud-init[913]: ci-info: | enp0s3 | True | fe80::98:bbff:febc:104e/64 |       .       |  link | 02:98:bb:bc:10:4e |
         Starting iSCSI initiator daemon (iscsid)...
[[   30.100820] cloud-init[913]: ci-info: +--------+------+----------------------------+---------------+-------+-------------------+
[0;32m  OK  [0m] Reached target Cloud-config availability.
[   30.280831] cloud-init[913]: ci-info: +++++++++++++++++++++++++++Route IPv4 info++++++++++++++++++++++++++++
[   30.296820] cloud-init[913]: ci-info: +-------+-------------+----------+---------------+-----------+-------+
[[0;32m  OK  [0m] Reached target System Initialization.
[   30.296915] cloud-init[913]: ci-info: | Route | Destination | Gateway  |    Genmask    | Interface | Flags |
[   30.301304] cloud-init[913]: ci-info: +-------+-------------+----------+---------------+-----------+-------+
[   30.302609] cloud-init[913]: ci-info: |   0   |   0.0.0.0   | 10.0.2.2 |    0.0.0.0    |   enp0s3  |   UG  |
[   30.303885] cloud-init[913]: ci-info: |   1   |   10.0.2.0  | 0.0.0.0  | 255.255.255.0 |   enp0s3  |   U   |
[   30.305189] cloud-init[913]: ci-info: +-------+-------------+----------+---------------+-----------+-------+
[   30.365151] cloud-init[913]: Generating public/private rsa key pair.
[   30.365437] cloud-init[913]: Your identification has been saved in /etc/ssh/ssh_host_rsa_key.
         Starting LXD - unix socket.
[   30.365574] cloud-init[913]: Your public key has been saved in /etc/ssh/ssh_host_rsa_key.pub.
[   30.608368] cloud-init[913]: The key fingerprint is:
[   30.608619] cloud-init[913]: SHA256:58UWlot5jKGfY1R7ED4cQ1IyPk1eqaqCLMGOXgV0RDs root@ubuntu-xenial
         Starting Socket activation for snappy daemon.
[[   30.608715] cloud-init[913]: The key's randomart image is:
[   30.796873] cloud-init[913]: +---[RSA 2048]----+
[0;32m  OK  [0m] Listening on UUID daemon activation socket.
[   30.796969] cloud-init[913]: |   .o+    +oB .. |
[   30.956811] cloud-init[913]: |  . . .  . X *.  |
[[0;32m  OK  [0m] Started Daily apt activities.
[[   30.956905] cloud-init[913]: |   . E    + %.   |
[   31.076846] cloud-init[913]: |    . .  . @.*   |
[0;32m  OK  [0m] Listening on D-Bus System Message Bus Socket.
[[   31.076937] cloud-init[913]: | .   .  S *.O .  |
[   31.200767] cloud-init[913]: |  o .    =.= .   |
[0;32m  OK  [0m] Listening on ACPID Listen Socket.
[   31.200857] cloud-init[913]: | o + .   .*      |
[   31.348743] cloud-init[913]: |. + o . .. .     |
[   31.349061] cloud-init[913]: |.. .   .         |
[[0;32m  OK  [0m] Started ACPI Events Check.
[   31.349546] cloud-init[913]: +----[SHA256]-----+
[   31.372939] cloud-init[913]: Generating public/private dsa key pair.
[   31.373119] cloud-init[913]: Your identification has been saved in /etc/ssh/ssh_host_dsa_key.
[   31.373307] cloud-init[913]: Your public key has been saved in /etc/ssh/ssh_host_dsa_key.pub.
[   31.373495] cloud-init[913]: The key fingerprint is:
[   31.374665] cloud-init[913]: SHA256:1Tdo6ysdwV0uzwFivpCM3o+IN614b7OS2d1dn9co5UA root@ubuntu-xenial
[   31.374830] cloud-init[913]: The key's randomart image is:
[   31.375022] cloud-init[913]: +---[DSA 1024]----+
[   31.375205] cloud-init[913]: |                 |
[   31.375397] cloud-init[913]: |           + o  .|
[   31.375584] cloud-init[913]: |        o =.=.+o |
[   31.375775] cloud-init[913]: |       . = oEooo.|
[   31.375963] cloud-init[913]: |      . S ..o. +.|
[[0;32m  OK  [0m] Started Trigger resolvconf update for networkd DNS.
[[   31.377773] cloud-init[913]: |       . . oo . +|
[   31.772901] cloud-init[913]: |      . * +.o=..=|
[0;32m  OK  [0m] Reached target Paths.
[   31.772976] cloud-init[913]: |     ..O *.ooooo+|
[   31.888732] cloud-init[913]: |     .o.*oo...  .|
[[0;32m  OK  [0m] Started Timer to automatically refresh installed snaps.
[[   31.888836] cloud-init[913]: +----[SHA256]-----+
[   32.020786] cloud-init[913]: Generating public/private ecdsa key pair.
[   32.020885] cloud-init[913]: Your identification has been saved in /etc/ssh/ssh_host_ecdsa_key.
[   32.020999] cloud-init[913]: Your public key has been saved in /etc/ssh/ssh_host_ecdsa_key.pub.
[   32.021116] cloud-init[913]: The key fingerprint is:
[   32.021231] cloud-init[913]: SHA256:76hst/apii8P/iI1TQ6Ir6hh1Bmcrr40hir2lpfAhWw root@ubuntu-xenial
[   32.021349] cloud-init[913]: The key's randomart image is:
[   32.021465] cloud-init[913]: +---[ECDSA 256]---+
[   32.021764] cloud-init[913]: |                 |
[   32.021874] cloud-init[913]: |  . .            |
[   32.021991] cloud-init[913]: | ..=.            |
[   32.022107] cloud-init[913]: |. +E+..          |
[   32.022224] cloud-init[913]: | oo+.=  S        |
[   32.022346] cloud-init[913]: |o ooo o  .       |
[   32.022460] cloud-init[913]: |+B .+..   .      |
[   32.022579] cloud-init[913]: |Xoo+o*. oo .     |
[   32.022694] cloud-init[913]: |*o+o+BB=+++      |
[   32.022811] cloud-init[913]: +----[SHA256]-----+
[   32.022931] cloud-init[913]: Generating public/private ed25519 key pair.
[   32.023047] cloud-init[913]: Your identification has been saved in /etc/ssh/ssh_host_ed25519_key.
[   32.023167] cloud-init[913]: Your public key has been saved in /etc/ssh/ssh_host_ed25519_key.pub.
[   32.023281] cloud-init[913]: The key fingerprint is:
[   32.023398] cloud-init[913]: SHA256:ODoHXOWWKP7OlkEqR8qImrC839YntWjlvwQPxDIu3aU root@ubuntu-xenial
[   32.023518] cloud-init[913]: The key's randomart image is:
[   32.023634] cloud-init[913]: +--[ED25519 256]--+
[   32.023757] cloud-init[913]: |        .        |
[   32.023872] cloud-init[913]: |       +..       |
[   32.023987] cloud-init[913]: |    . oo+o .     |
[   32.024240] cloud-init[913]: |   o.o+o= o      |
[   32.024350] cloud-init[913]: |.o o++ooSE       |
[   32.024466] cloud-init[913]: |+ + o+o. o+      |
[   32.024585] cloud-init[913]: |+o oo +o= .o     |
[   32.024701] cloud-init[913]: |+.  .*o= +.      |
[   32.024822] cloud-init[913]: | .o..o+ o .o.    |
[   32.024939] cloud-init[913]: +----[SHA256]-----+
[0;32m  OK  [0m] Started Daily Cleanup of Temporary Directories.
[[0;32m  OK  [0m] Reached target Timers.
[[0;32m  OK  [0m] Listening on LXD - unix socket.
[[0;32m  OK  [0m] Listening on Socket activation for snappy daemon.
[[0;32m  OK  [0m] Reached target Sockets.
[[0;32m  OK  [0m] Reached target Basic System.
         Starting /etc/rc.local Compatibility...
         Starting Pollinate to seed the pseudo random number generator...
[[0;32m  OK  [0m] Started Snappy daemon.
[[0;32m  OK  [0m] Started Deferred execution scheduler.
         Starting Login Service...
         Starting Accounts Service...
         Starting Apply the settings specified in cloud-config...
[[0;32m  OK  [0m] Started FUSE filesystem for LXC.
[[0;32m  OK  [0m] Started ACPI event daemon.
[[0;32m  OK  [0m] Started D-Bus System Message Bus.
[   33.946496] cloud-init[1032]: Generating locales (this might take a while)...
         Starting System Logging Service...
[[0;32m  OK  [0m] Started Regular background program processing daemon.
         Starting LSB: MD monitoring daemon...
         Starting LSB: Record successful boot for GRUB...
         Starting Auto import assertions from block devices...
         Starting LXD - container startup/shutdown...
[[0;32m  OK  [0m] Started iSCSI initiator daemon (iscsid).
[[0;32m  OK  [0m] Started /etc/rc.local Compatibility.
[[0;32m  OK  [0m] Started Auto import assertions from block devices.
[[0;32m  OK  [0m] Started Login Service.
         Starting Authenticate and Authorize Users to Run Privileged Tasks...
         Starting Login to default iSCSI targets...
[[0;32m  OK  [0m] Started LSB: Record successful boot for GRUB.
[[0;32m  OK  [0m] Started LSB: MD monitoring daemon.
[[0;32m  OK  [0m] Started System Logging Service.
[[0;32m  OK  [0m] Started Login to default iSCSI targets.
[[0;32m  OK  [0m] Reached target Remote File Systems (Pre).
[[0;32m  OK  [0m] Reached target Remote File Systems.
         Starting LSB: Set the CPU Frequency Scaling governor to "ondemand"...
         Starting LSB: VirtualBox Linux Additions...
         Starting Permit User Sessions...
         Starting LSB: automatic crash report generation...
         Starting LSB: daemon to balance interrupts for SMP systems...
[[0;32m  OK  [0m] Started LSB: Set the CPU Frequency Scaling governor to "ondemand".
[[0;32m  OK  [0m] Started Permit User Sessions.
[[0;32m  OK  [0m] Started Authenticate and Authorize Users to Run Privileged Tasks.
[[0;32m  OK  [0m] Started Accounts Service.
         Starting Hold until boot process finishes up...
         Starting Terminate Plymouth Boot Screen...
[[0;32m  OK  [0m] Started Hold until boot process finishes up.
[[0;32m  OK  [0m] Started Terminate Plymouth Boot Screen.
         Starting Set console scheme...
[[0;32m  OK  [0m] Started Getty on tty1.
[[0;32m  OK  [0m] Started Serial Getty on ttyS0.
[[0;32m  OK  [0m] Reached target Login Prompts.
[[0;32m  OK  [0m] Started Set console scheme.
[[0;32m  OK  [0m] Started LSB: daemon to balance interrupts for SMP systems.
[[0;32m  OK  [0m] Started LSB: automatic crash report generation.
[   36.131811] cloud-init[1032]:   en_US.UTF-8... done
[   36.144891] cloud-init[1032]: Generation complete.
[[0;32m  OK  [0m] Started LSB: VirtualBox Linux Additions.
[[0;32m  OK  [0m] Started Pollinate to seed the pseudo random number generator.
         Starting OpenBSD Secure Shell server...
[[0;32m  OK  [0m] Started OpenBSD Secure Shell server.
[[0;32m  OK  [0m] Started LXD - container startup/shutdown.
[[0;32m  OK  [0m] Reached target Multi-User System.
[[0;32m  OK  [0m] Reached target Graphical Interface.
         Starting Update UTMP about System Runlevel Changes...
[[0;32m  OK  [0m] Started Update UTMP about System Runlevel Changes.
         Stopping OpenBSD Secure Shell server...
[[0;32m  OK  [0m] Stopped OpenBSD Secure Shell server.
         Starting OpenBSD Secure Shell server...
[[0;32m  OK  [0m] Started OpenBSD Secure Shell server.
[[0;32m  OK  [0m] Created slice User Slice of ubuntu.
         Starting User Manager for UID 1000...
[[0;32m  OK  [0m] Started Session 1 of user ubuntu.
[[0;32m  OK  [0m] Started User Manager for UID 1000.
[   38.427917] cloud-init[1032]: Cloud-init v. 0.7.9 running 'modules:config' at Thu, 15 Jun 2017 17:56:26 +0000. Up 33.17 seconds.
[[0;32m  OK  [0m] Started Apply the settings specified in cloud-config.
         Starting Execute cloud user/final scripts...
ci-info: no authorized ssh keys fingerprints found for user ubuntu.
<14>Jun 15 17:56:33 ec2: 
<14>Jun 15 17:56:33 ec2: #############################################################
<14>Jun 15 17:56:33 ec2: -----BEGIN SSH HOST KEY FINGERPRINTS-----
<14>Jun 15 17:56:33 ec2: 1024 SHA256:1Tdo6ysdwV0uzwFivpCM3o+IN614b7OS2d1dn9co5UA root@ubuntu-xenial (DSA)
<14>Jun 15 17:56:33 ec2: 256 SHA256:76hst/apii8P/iI1TQ6Ir6hh1Bmcrr40hir2lpfAhWw root@ubuntu-xenial (ECDSA)
<14>Jun 15 17:56:33 ec2: 256 SHA256:ODoHXOWWKP7OlkEqR8qImrC839YntWjlvwQPxDIu3aU root@ubuntu-xenial (ED25519)
<14>Jun 15 17:56:33 ec2: 2048 SHA256:58UWlot5jKGfY1R7ED4cQ1IyPk1eqaqCLMGOXgV0RDs root@ubuntu-xenial (RSA)
<14>Jun 15 17:56:33 ec2: -----END SSH HOST KEY FINGERPRINTS-----
<14>Jun 15 17:56:33 ec2: #############################################################
-----BEGIN SSH HOST KEY KEYS-----
ecdsa-sha2-nistp256 AAAAE2VjZHNhLXNoYTItbmlzdHAyNTYAAAAIbmlzdHAyNTYAAABBBNh4S/Vj4Py6LeBpNSZb7L248JT/El/QJ+74Mr/bOXapemXEh6qh1c6OX7YxjHxCI8SFLya1phkRczIo5+F1DLk= root@ubuntu-xenial
ssh-ed25519 AAAAC3NzaC1lZDI1NTE5AAAAID3Cp72LzxV7vmHaYAFs8qcvlQx349fiYCp3/G54hyUK root@ubuntu-xenial
ssh-rsa AAAAB3NzaC1yc2EAAAADAQABAAABAQC5EUIvVtOe1JZPaDQylAgRC5XQShJjmGWXBsNVtxaRNkV0mlI+PjCymn8U0IQEmBE3jAGOK/EM5nQZzayLCt/VcZiDIkwtUijBl3XjNDRh8X15hEwOHaeU3FoukWHOstmyVikyYBZiPMx7EqgwupB+1X1r+rmQqGYh89E8UKgjIcct5gQW8tS5dm8sOazNyRGXE1dWYz8E7Rg0Ecz9pS9p1LVNm7mzngU/+InraUxZP+6lyVXK3byV0l0f0cJhVjOHToly4dog1ekfdPAHATa7vBW9qoI1bBYiFVuXHYwEegBTdP2Q4ujM1q0+hVOpjHiF8HFlOuALUfAQegb2Brif root@ubuntu-xenial
-----END SSH HOST KEY KEYS-----
[   40.111156] cloud-init[1338]: Cloud-init v. 0.7.9 running 'modules:final' at Thu, 15 Jun 2017 17:56:32 +0000. Up 38.91 seconds.
[   40.224481] cloud-init[1338]: ci-info: no authorized ssh keys fingerprints found for user ubuntu.
[   40.304304] cloud-init[1338]: Cloud-init v. 0.7.9 finished at Thu, 15 Jun 2017 17:56:33 +0000. Datasource DataSourceNoCloud [seed=/dev/sdb][dsmode=net].  Up 40.09 seconds
[[0;32m  OK  [0m] Started Execute cloud user/final scripts.
[[0;32m  OK  [0m] Reached target Cloud-init target.

Ubuntu 16.04.2 LTS ubuntu-xenial ttyS0

ubuntu-xenial login: 